<?xml version="1.0" encoding="UTF-8"?>
<!-- Generated by org.testng.reporters.JUnitReportReporter -->
<testsuite skipped="0" hostname="UDAYANAND" name="com.facebook.qa.testcases.LoginPageTest" tests="1" failures="0" timestamp="26 Jul 2019 08:11:45 GMT" time="47.732" errors="0">
  <testcase name="loginFaceBook" time="47.732" classname="com.facebook.qa.testcases.LoginPageTest"/>
</testsuite> <!-- com.facebook.qa.testcases.LoginPageTest -->
