<?xml version="1.0" encoding="UTF-8"?>
<!-- Generated by org.testng.reporters.JUnitReportReporter -->
<testsuite skipped="0" hostname="UDAYANAND" name="com.facebook.qa.testcases.PostMessageDirectTest" tests="1" failures="0" timestamp="24 Jul 2019 11:29:46 GMT" time="33.364" errors="0">
  <testcase name="login" time="33.364" classname="com.facebook.qa.testcases.PostMessageDirectTest"/>
</testsuite> <!-- com.facebook.qa.testcases.PostMessageDirectTest -->
