<?xml version="1.0" encoding="UTF-8"?>
<!-- Generated by org.testng.reporters.JUnitReportReporter -->
<testsuite skipped="0" hostname="UDAYANAND" name="com.facebook.qa.testcases.HomePageTest" tests="1" failures="0" timestamp="26 Jul 2019 08:11:45 GMT" time="52.065" errors="0">
  <testcase name="verifyPostMessage" time="52.065" classname="com.facebook.qa.testcases.HomePageTest"/>
</testsuite> <!-- com.facebook.qa.testcases.HomePageTest -->
