<?xml version="1.0" encoding="UTF-8"?>
<!-- Generated by org.testng.reporters.JUnitReportReporter -->
<testsuite skipped="0" hostname="UDAYANAND" name="com.facebook.qa.testcases.PostMessageInFacebook" tests="1" failures="0" timestamp="26 Jul 2019 07:44:36 GMT" time="42.635" errors="0">
  <testcase name="login" time="42.635" classname="com.facebook.qa.testcases.PostMessageInFacebook"/>
</testsuite> <!-- com.facebook.qa.testcases.PostMessageInFacebook -->
